add_team: SUCCESS
add_team: SUCCESS
add_team: SUCCESS
add_team: SUCCESS
add_team: SUCCESS
add_team: SUCCESS
add_team: SUCCESS
add_team: SUCCESS
add_team: SUCCESS
add_team: SUCCESS
add_team: SUCCESS
add_team: SUCCESS
add_team: SUCCESS
add_team: SUCCESS
add_team: SUCCESS
add_team: SUCCESS
add_team: SUCCESS
add_team: SUCCESS
add_team: SUCCESS
add_team: SUCCESS
add_player: SUCCESS
add_player: SUCCESS
add_player: SUCCESS
add_player: SUCCESS
add_player: SUCCESS
add_player: SUCCESS
add_player: SUCCESS
add_player: SUCCESS
add_player: SUCCESS
add_player: SUCCESS
add_player: SUCCESS
add_player: SUCCESS
add_player: SUCCESS
add_player: SUCCESS
add_player: SUCCESS
add_player: SUCCESS
add_player: SUCCESS
add_player: SUCCESS
add_player: SUCCESS
add_player: SUCCESS
add_player: SUCCESS
add_player: SUCCESS
add_player: SUCCESS
add_player: SUCCESS
add_player: SUCCESS
add_player: SUCCESS
add_player: SUCCESS
add_player: SUCCESS
add_player: SUCCESS
add_player: SUCCESS
add_player: SUCCESS
add_player: SUCCESS
add_player: SUCCESS
add_player: SUCCESS
add_player: SUCCESS
add_player: SUCCESS
add_player: SUCCESS
add_player: SUCCESS
add_player: SUCCESS
add_player: SUCCESS
add_player: SUCCESS
add_player: SUCCESS
add_player: SUCCESS
add_player: SUCCESS
add_player: SUCCESS
add_player: SUCCESS
add_player: SUCCESS
add_player: SUCCESS
add_player: SUCCESS
add_player: SUCCESS
add_player: SUCCESS
add_player: SUCCESS
add_player: SUCCESS
add_player: SUCCESS
add_player: SUCCESS
add_player: SUCCESS
add_player: SUCCESS
add_player: SUCCESS
add_player: SUCCESS
add_player: SUCCESS
add_player: SUCCESS
add_player: SUCCESS
add_player: SUCCESS
add_player: SUCCESS
add_player: SUCCESS
add_player: SUCCESS
add_player: SUCCESS
add_player: SUCCESS
add_player: SUCCESS
add_player: SUCCESS
add_player: SUCCESS
add_player: SUCCESS
add_player: SUCCESS
add_player: SUCCESS
add_player: SUCCESS
add_player: SUCCESS
add_player: SUCCESS
add_player: SUCCESS
add_player: SUCCESS
add_player: SUCCESS
add_player: SUCCESS
add_player: SUCCESS
add_player: SUCCESS
add_player: SUCCESS
add_player: SUCCESS
add_player: SUCCESS
add_player: SUCCESS
add_player: SUCCESS
add_player: SUCCESS
add_player: SUCCESS
add_player: SUCCESS
add_player: SUCCESS
add_player: SUCCESS
add_player: SUCCESS
add_player: SUCCESS
add_player: SUCCESS
add_player: SUCCESS
add_player: SUCCESS
add_player: SUCCESS
add_player: SUCCESS
add_player: SUCCESS
add_player: SUCCESS
add_player: SUCCESS
add_player: SUCCESS
add_player: SUCCESS
add_player: SUCCESS
add_player: SUCCESS
add_player: SUCCESS
add_player: SUCCESS
add_player: SUCCESS
add_player: SUCCESS
add_player: SUCCESS
add_player: SUCCESS
add_player: SUCCESS
add_player: SUCCESS
add_player: SUCCESS
add_player: SUCCESS
add_player: SUCCESS
add_player: SUCCESS
add_player: SUCCESS
add_player: SUCCESS
add_player: SUCCESS
add_player: SUCCESS
add_player: SUCCESS
add_player: SUCCESS
add_player: SUCCESS
add_player: SUCCESS
add_player: SUCCESS
add_player: SUCCESS
add_player: SUCCESS
add_player: SUCCESS
add_player: SUCCESS
add_player: SUCCESS
add_player: SUCCESS
add_player: SUCCESS
add_player: SUCCESS
add_player: SUCCESS
add_player: SUCCESS
add_player: SUCCESS
add_player: SUCCESS
add_player: SUCCESS
add_player: SUCCESS
add_player: SUCCESS
add_player: SUCCESS
add_player: SUCCESS
add_player: SUCCESS
add_player: SUCCESS
add_player: SUCCESS
add_player: SUCCESS
add_player: SUCCESS
add_player: SUCCESS
add_player: SUCCESS
add_player: SUCCESS
add_player: SUCCESS
add_player: SUCCESS
add_player: SUCCESS
add_player: SUCCESS
add_player: SUCCESS
add_player: SUCCESS
add_player: SUCCESS
add_player: SUCCESS
add_player: SUCCESS
add_player: SUCCESS
add_player: SUCCESS
add_player: SUCCESS
add_player: SUCCESS
add_player: SUCCESS
add_player: SUCCESS
add_player: SUCCESS
add_player: SUCCESS
add_player: SUCCESS
add_player: SUCCESS
add_player: SUCCESS
add_player: SUCCESS
add_player: SUCCESS
add_player: SUCCESS
add_player: SUCCESS
add_player: SUCCESS
add_player: SUCCESS
add_player: SUCCESS
add_player: SUCCESS
add_player: SUCCESS
add_player: SUCCESS
add_player: SUCCESS
add_player: SUCCESS
add_player: SUCCESS
add_player: SUCCESS
add_player: SUCCESS
add_player: SUCCESS
add_player: SUCCESS
add_player: SUCCESS
add_player: SUCCESS
add_player: SUCCESS
add_player: SUCCESS
add_player: SUCCESS
add_player: SUCCESS
add_player: SUCCESS
add_player: SUCCESS
add_player: SUCCESS
add_player: SUCCESS
add_team: FAILURE
update_player_stats: SUCCESS
remove_player: SUCCESS
get_team_points: SUCCESS, 7153
get_num_played_games: SUCCESS, 6679
get_num_played_games: SUCCESS, 9555
add_team: FAILURE
get_team_points: SUCCESS, 3383
get_closest_player: SUCCESS, 166
add_player: FAILURE
get_num_played_games: SUCCESS, 2869
remove_team: FAILURE
get_team_points: SUCCESS, 668
play_match: FAILURE
get_team_points: SUCCESS, 3234
get_closest_player: SUCCESS, 78
get_closest_player: SUCCESS, 114
get_closest_player: SUCCESS, 105
add_team: FAILURE
add_player: FAILURE
update_player_stats: SUCCESS
get_team_points: SUCCESS, 5049
get_all_players: SUCCESS
37
105
2
178
131
16
18
93
175
156
add_player: FAILURE
get_all_players: SUCCESS
97
89
177
110
43
25
49
4
72
117
164
144
96
get_all_players: SUCCESS
98
29
185
106
82
127
84
94
184
get_all_players_count: SUCCESS, 7
